# JRE version: OpenJDK Runtime Environment (8.0_242-b01) (build 1.8.0_242-release-1644-b01)
# Java VM: OpenJDK 64-Bit Server VM (25.242-b01 mixed mode windows-amd64 compressed oops)
Heap:
 PSYoungGen      total 299008K, used 268178K [0x00000000d5580000, 0x00000000e9300000, 0x0000000100000000)
  eden space 279040K, 90% used [0x00000000d5580000,0x00000000e4d29790,0x00000000e6600000)
  from space 19968K, 72% used [0x00000000e7f80000,0x00000000e8dbb190,0x00000000e9300000)
  to   space 23040K, 0% used [0x00000000e6600000,0x00000000e6600000,0x00000000e7c80000)
 ParOldGen       total 186368K, used 47838K [0x0000000080000000, 0x000000008b600000, 0x00000000d5580000)
  object space 186368K, 25% used [0x0000000080000000,0x0000000082eb78f0,0x000000008b600000)
 Metaspace       used 80124K, capacity 84124K, committed 84312K, reserved 1122304K
  class space    used 10843K, capacity 11581K, committed 11648K, reserved 1048576K
GC Heap History (10 events):
Event: 12.927 GC heap before
{Heap before GC invocations=11 (full 2):
 PSYoungGen      total 189952K, used 189578K [0x00000000d5580000, 0x00000000e4500000, 0x0000000100000000)
  eden space 181760K, 100% used [0x00000000d5580000,0x00000000e0700000,0x00000000e0700000)
  from space 8192K, 95% used [0x00000000e3d00000,0x00000000e44a2b50,0x00000000e4500000)
  to   space 11776K, 0% used [0x00000000e2e00000,0x00000000e2e00000,0x00000000e3980000)
 ParOldGen       total 123392K, used 15443K [0x0000000080000000, 0x0000000087880000, 0x00000000d5580000)
  object space 123392K, 12% used [0x0000000080000000,0x0000000080f14c48,0x0000000087880000)
 Metaspace       used 54522K, capacity 56814K, committed 56920K, reserved 1097728K
  class space    used 7281K, capacity 7723K, committed 7808K, reserved 1048576K
Event: 12.948 GC heap after
Heap after GC invocations=11 (full 2):
 PSYoungGen      total 233472K, used 11764K [0x00000000d5580000, 0x00000000e6080000, 0x0000000100000000)
  eden space 221696K, 0% used [0x00000000d5580000,0x00000000d5580000,0x00000000e2e00000)
  from space 11776K, 99% used [0x00000000e2e00000,0x00000000e397d300,0x00000000e3980000)
  to   space 18944K, 0% used [0x00000000e4e00000,0x00000000e4e00000,0x00000000e6080000)
 ParOldGen       total 123392K, used 30879K [0x0000000080000000, 0x0000000087880000, 0x00000000d5580000)
  object space 123392K, 25% used [0x0000000080000000,0x0000000081e27c38,0x0000000087880000)
 Metaspace       used 54522K, capacity 56814K, committed 56920K, reserved 1097728K
  class space    used 7281K, capacity 7723K, committed 7808K, reserved 1048576K
}
Event: 13.200 GC heap before
{Heap before GC invocations=12 (full 2):
 PSYoungGen      total 233472K, used 30664K [0x00000000d5580000, 0x00000000e6080000, 0x0000000100000000)
  eden space 221696K, 8% used [0x00000000d5580000,0x00000000d67f4fe0,0x00000000e2e00000)
  from space 11776K, 99% used [0x00000000e2e00000,0x00000000e397d300,0x00000000e3980000)
  to   space 18944K, 0% used [0x00000000e4e00000,0x00000000e4e00000,0x00000000e6080000)
 ParOldGen       total 123392K, used 30879K [0x0000000080000000, 0x0000000087880000, 0x00000000d5580000)
  object space 123392K, 25% used [0x0000000080000000,0x0000000081e27c38,0x0000000087880000)
 Metaspace       used 56630K, capacity 58954K, committed 59028K, reserved 1099776K
  class space    used 7690K, capacity 8148K, committed 8192K, reserved 1048576K
Event: 13.207 GC heap after
Heap after GC invocations=12 (full 2):
 PSYoungGen      total 253952K, used 14343K [0x00000000d5580000, 0x00000000e9b00000, 0x0000000100000000)
  eden space 235008K, 0% used [0x00000000d5580000,0x00000000d5580000,0x00000000e3b00000)
  from space 18944K, 75% used [0x00000000e4e00000,0x00000000e5c01e80,0x00000000e6080000)
  to   space 19456K, 0% used [0x00000000e3b00000,0x00000000e3b00000,0x00000000e4e00000)
 ParOldGen       total 123392K, used 30887K [0x0000000080000000, 0x0000000087880000, 0x00000000d5580000)
  object space 123392K, 25% used [0x0000000080000000,0x0000000081e29c38,0x0000000087880000)
 Metaspace       used 56630K, capacity 58954K, committed 59028K, reserved 1099776K
  class space    used 7690K, capacity 8148K, committed 8192K, reserved 1048576K
}
Event: 13.207 GC heap before
{Heap before GC invocations=13 (full 3):
 PSYoungGen      total 253952K, used 14343K [0x00000000d5580000, 0x00000000e9b00000, 0x0000000100000000)
  eden space 235008K, 0% used [0x00000000d5580000,0x00000000d5580000,0x00000000e3b00000)
  from space 18944K, 75% used [0x00000000e4e00000,0x00000000e5c01e80,0x00000000e6080000)
  to   space 19456K, 0% used [0x00000000e3b00000,0x00000000e3b00000,0x00000000e4e00000)
 ParOldGen       total 123392K, used 30887K [0x0000000080000000, 0x0000000087880000, 0x00000000d5580000)
  object space 123392K, 25% used [0x0000000080000000,0x0000000081e29c38,0x0000000087880000)
 Metaspace       used 56630K, capacity 58954K, committed 59028K, reserved 1099776K
  class space    used 7690K, capacity 8148K, committed 8192K, reserved 1048576K
Event: 13.416 GC heap after
Heap after GC invocations=13 (full 3):
 PSYoungGen      total 253952K, used 0K [0x00000000d5580000, 0x00000000e9b00000, 0x0000000100000000)
  eden space 235008K, 0% used [0x00000000d5580000,0x00000000d5580000,0x00000000e3b00000)
  from space 18944K, 0% used [0x00000000e4e00000,0x00000000e4e00000,0x00000000e6080000)
  to   space 19456K, 0% used [0x00000000e3b00000,0x00000000e3b00000,0x00000000e4e00000)
 ParOldGen       total 186368K, used 31142K [0x0000000080000000, 0x000000008b600000, 0x00000000d5580000)
  object space 186368K, 16% used [0x0000000080000000,0x0000000081e69898,0x000000008b600000)
 Metaspace       used 56561K, capacity 58720K, committed 59028K, reserved 1099776K
  class space    used 7669K, capacity 8109K, committed 8192K, reserved 1048576K
}
Event: 15.391 GC heap before
{Heap before GC invocations=14 (full 3):
 PSYoungGen      total 253952K, used 235008K [0x00000000d5580000, 0x00000000e9b00000, 0x0000000100000000)
  eden space 235008K, 100% used [0x00000000d5580000,0x00000000e3b00000,0x00000000e3b00000)
  from space 18944K, 0% used [0x00000000e4e00000,0x00000000e4e00000,0x00000000e6080000)
  to   space 19456K, 0% used [0x00000000e3b00000,0x00000000e3b00000,0x00000000e4e00000)
 ParOldGen       total 186368K, used 31142K [0x0000000080000000, 0x000000008b600000, 0x00000000d5580000)
  object space 186368K, 16% used [0x0000000080000000,0x0000000081e69898,0x000000008b600000)
 Metaspace       used 66667K, capacity 70128K, committed 70232K, reserved 1110016K
  class space    used 9167K, capacity 9791K, committed 9856K, reserved 1048576K
Event: 15.408 GC heap after
Heap after GC invocations=14 (full 3):
 PSYoungGen      total 254464K, used 19438K [0x00000000d5580000, 0x00000000e9680000, 0x0000000100000000)
  eden space 235008K, 0% used [0x00000000d5580000,0x00000000d5580000,0x00000000e3b00000)
  from space 19456K, 99% used [0x00000000e3b00000,0x00000000e4dfba08,0x00000000e4e00000)
  to   space 23552K, 0% used [0x00000000e7f80000,0x00000000e7f80000,0x00000000e9680000)
 ParOldGen       total 186368K, used 35380K [0x0000000080000000, 0x000000008b600000, 0x00000000d5580000)
  object space 186368K, 18% used [0x0000000080000000,0x000000008228d3e8,0x000000008b600000)
 Metaspace       used 66667K, capacity 70128K, committed 70232K, reserved 1110016K
  class space    used 9167K, capacity 9791K, committed 9856K, reserved 1048576K
}
Event: 16.757 GC heap before
{Heap before GC invocations=15 (full 3):
 PSYoungGen      total 254464K, used 254446K [0x00000000d5580000, 0x00000000e9680000, 0x0000000100000000)
  eden space 235008K, 100% used [0x00000000d5580000,0x00000000e3b00000,0x00000000e3b00000)
  from space 19456K, 99% used [0x00000000e3b00000,0x00000000e4dfba08,0x00000000e4e00000)
  to   space 23552K, 0% used [0x00000000e7f80000,0x00000000e7f80000,0x00000000e9680000)
 ParOldGen       total 186368K, used 35380K [0x0000000080000000, 0x000000008b600000, 0x00000000d5580000)
  object space 186368K, 18% used [0x0000000080000000,0x000000008228d3e8,0x000000008b600000)
 Metaspace       used 73214K, capacity 76860K, committed 77016K, reserved 1116160K
  class space    used 9992K, capacity 10629K, committed 10752K, reserved 1048576K
Event: 16.771 GC heap after
Heap after GC invocations=15 (full 3):
 PSYoungGen      total 299008K, used 14572K [0x00000000d5580000, 0x00000000e9300000, 0x0000000100000000)
  eden space 279040K, 0% used [0x00000000d5580000,0x00000000d5580000,0x00000000e6600000)
  from space 19968K, 72% used [0x00000000e7f80000,0x00000000e8dbb190,0x00000000e9300000)
  to   space 23040K, 0% used [0x00000000e6600000,0x00000000e6600000,0x00000000e7c80000)
 ParOldGen       total 186368K, used 47838K [0x0000000080000000, 0x000000008b600000, 0x00000000d5580000)
  object space 186368K, 25% used [0x0000000080000000,0x0000000082eb78f0,0x000000008b600000)
 Metaspace       used 73214K, capacity 76860K, committed 77016K, reserved 1116160K
  class space    used 9992K, capacity 10629K, committed 10752K, reserved 1048576K
}

